mode: set
github.com/priyakdey/trie/trie.go:28.18,36.2 1 1
github.com/priyakdey/trie/trie.go:39.36,45.33 4 1
github.com/priyakdey/trie/trie.go:45.33,48.10 3 1
github.com/priyakdey/trie/trie.go:48.10,55.4 2 1
github.com/priyakdey/trie/trie.go:57.3,57.24 1 1
github.com/priyakdey/trie/trie.go:60.2,60.17 1 1
github.com/priyakdey/trie/trie.go:67.43,70.9 2 1
github.com/priyakdey/trie/trie.go:70.9,72.3 1 1
github.com/priyakdey/trie/trie.go:74.2,74.20 1 1
github.com/priyakdey/trie/trie.go:82.51,86.2 2 1
github.com/priyakdey/trie/trie.go:89.56,94.9 3 1
github.com/priyakdey/trie/trie.go:94.9,96.3 1 1
github.com/priyakdey/trie/trie.go:101.2,103.28 2 1
github.com/priyakdey/trie/trie.go:103.28,105.3 1 1
github.com/priyakdey/trie/trie.go:107.2,109.14 2 1
github.com/priyakdey/trie/trie.go:113.36,123.33 3 1
github.com/priyakdey/trie/trie.go:123.33,126.10 3 1
github.com/priyakdey/trie/trie.go:126.10,128.4 1 1
github.com/priyakdey/trie/trie.go:130.3,131.27 2 1
github.com/priyakdey/trie/trie.go:135.2,140.46 2 1
github.com/priyakdey/trie/trie.go:140.46,143.40 2 1
github.com/priyakdey/trie/trie.go:143.40,146.4 2 1
github.com/priyakdey/trie/trie.go:150.2,152.39 3 1
github.com/priyakdey/trie/trie.go:152.39,154.3 1 1
github.com/priyakdey/trie/trie.go:158.50,166.33 3 1
github.com/priyakdey/trie/trie.go:166.33,169.10 3 1
github.com/priyakdey/trie/trie.go:169.10,171.4 1 1
github.com/priyakdey/trie/trie.go:173.3,173.27 1 1
github.com/priyakdey/trie/trie.go:176.2,176.19 1 1
github.com/priyakdey/trie/trie.go:179.69,180.17 1 1
github.com/priyakdey/trie/trie.go:180.17,183.3 2 1
github.com/priyakdey/trie/trie.go:185.2,188.24 2 1
github.com/priyakdey/trie/trie.go:188.24,191.3 1 1
github.com/priyakdey/trie/trie.go:195.2,195.35 1 1
github.com/priyakdey/trie/trie.go:195.35,199.3 3 1
